Auto-generated site: 201311141304

##########################
Git status
##########################

# On branch gh-pages
# Changes not staged for commit:
#   (use "git add <file>..." to update what will be committed)
#   (use "git checkout -- <file>..." to discard changes in working directory)
#
#	modified:   devteam.md
#	modified:   site-generation.log
#
no changes added to commit (use "git add" and/or "git commit -a")

##########################
Git log (first 30 lines)
##########################

commit 05ef4b15debcea398bf7600d3804da5f0e2c0899
Author: riccardo <riccardo.to@gmail.com>
Date:   Thu Nov 14 12:51:17 2013 +0100

    several improvements

commit aabd76de6f0dab7c12bafb55be12096449d53644
Author: ivangrimaldi <ivan.grimaldi.to@gmail.com>
Date:   Mon Nov 11 17:31:58 2013 +0100

    Added download/doc/source boxes in homepage.
    Switched to blueprint css.
    Fixed some errors in css.

commit c29ed9d235910100275ec9c64ed8e932110c1b82
Author: ivangrimaldi <ivan.grimaldi.to@gmail.com>
Date:   Sun Nov 10 13:00:54 2013 +0100

    Added download arrow image

commit 1c47fa40ba7c4309c327172f97fbd4cc84a9847d
Author: ivangrimaldi <ivan.grimaldi.to@gmail.com>
Date:   Sun Nov 10 12:56:47 2013 +0100

    Added "Download" box in the homepage
    Modified devteam and howtoc pages (mailing list related stuff)

commit ac2b6a96b1ca7acb619ab42d6d948bc38ce5b9cd
Author: ivangrimaldi <ivan.grimaldi.to@gmail.com>
Date:   Thu Oct 24 17:30:04 2013 +0200
